{"numTotalTestSuites":2,"numPassedTestSuites":2,"numFailedTestSuites":0,"numPendingTestSuites":0,"numTotalTests":3,"numPassedTests":3,"numFailedTests":0,"numPendingTests":0,"numTodoTests":0,"snapshot":{"added":0,"failure":false,"filesAdded":0,"filesRemoved":0,"filesRemovedList":[],"filesUnmatched":0,"filesUpdated":0,"matched":0,"total":0,"unchecked":0,"uncheckedKeysByFile":[],"unmatched":0,"updated":0,"didUpdate":false},"startTime":1776253245898,"success":true,"testResults":[{"assertionResults":[{"ancestorTitles":["Continuity proof: async persistence + time travel"],"fullName":"Continuity proof: async persistence + time travel restores frame parity and replay output after a reload-like re-bootstrap","status":"passed","title":"restores frame parity and replay output after a reload-like re-bootstrap","duration":96.45420000000013,"failureMessages":[],"meta":{},"tags":[]},{"ancestorTitles":["Continuity proof: async persistence + time travel"],"fullName":"Continuity proof: async persistence + time travel settles hydrated after one failed async read and recovers by persisting new writes","status":"passed","title":"settles hydrated after one failed async read and recovers by persisting new writes","duration":55.41610000000037,"failureMessages":[],"meta":{},"tags":[]},{"ancestorTitles":["Continuity proof: async persistence + time travel"],"fullName":"Continuity proof: async persistence + time travel restores multi-reactor branches (app, ui, timeTravel) after reload","status":"passed","title":"restores multi-reactor branches (app, ui, timeTravel) after reload","duration":74.1284999999998,"failureMessages":[],"meta":{},"tags":[]}],"startTime":1776253249226,"endTime":1776253249452.1284,"status":"passed","message":"","name":"C:/Users/owner/Documents/PATH_WEB/t007-tools/packages/sia-reactor/tests/continuity.spec.ts"}]}